<?xml version="1.0" encoding="UTF-8"?>
<!-- Generated by org.testng.reporters.JUnitReportReporter -->
<testsuite hostname="LAPTOP-6DPB548C" failures="0" tests="1" name="com.rameshsoft.automation.application.businessscripts.OpenCartTest" time="19.882" errors="0" timestamp="2022-05-23T14:56:50 IST" skipped="0">
  <testcase classname="com.rameshsoft.automation.application.businessscripts.OpenCartTest" name="verifymyaccount" time="19.882"/>
  <system-out/>
</testsuite> <!-- com.rameshsoft.automation.application.businessscripts.OpenCartTest -->
