<?xml version="1.0" encoding="UTF-8"?>
<!-- Generated by org.testng.reporters.JUnitReportReporter -->
<testsuite hostname="LAPTOP-6DPB548C" failures="0" tests="1" name="com.rameshsoft.automation.application.businessscripts.GmailTest1" time="8.994" errors="0" timestamp="2022-05-19T11:23:21 IST" skipped="0">
  <testcase classname="com.rameshsoft.automation.application.businessscripts.GmailTest1" name="GmailTest" time="8.994"/>
  <system-out/>
</testsuite> <!-- com.rameshsoft.automation.application.businessscripts.GmailTest1 -->
